Build started 6/8/2015 2:57:01 PM.
     1>Project "E:\Documents\GitHub\ButtonAndScreenWatch\NeuralNetworkScreen\NeuralNetworkScreen\NeuralNetworkScreen.vcxproj" on node 2 (Build target(s)).
     1>ClCompile:
         C:\Program Files (x86)\Microsoft Visual Studio 12.0\VC\bin\CL.exe /c /ZI /nologo /W3 /WX- /sdl /Od /Oy- /D _MBCS /Gm /EHsc /RTC1 /MDd /GS /fp:precise /Zc:wchar_t /Zc:forScope /Fo"Debug\\" /Fd"Debug\vc120.pdb" /Gd /TP /analyze- /errorReport:prompt CBrain.cpp GenAPI.cpp main.cpp structures.cpp util.cpp
         util.cpp
         structures.cpp
         main.cpp
         GenAPI.cpp
         CBrain.cpp
         Generating Code...
       Link:
         C:\Program Files (x86)\Microsoft Visual Studio 12.0\VC\bin\link.exe /ERRORREPORT:PROMPT /OUT:"E:\Documents\GitHub\ButtonAndScreenWatch\NeuralNetworkScreen\Debug\NeuralNetworkScreen.exe" /INCREMENTAL /NOLOGO kernel32.lib user32.lib gdi32.lib winspool.lib comdlg32.lib advapi32.lib shell32.lib ole32.lib oleaut32.lib uuid.lib odbc32.lib odbccp32.lib /MANIFEST /MANIFESTUAC:"level='asInvoker' uiAccess='false'" /manifest:embed /DEBUG /PDB:"E:\Documents\GitHub\ButtonAndScreenWatch\NeuralNetworkScreen\Debug\NeuralNetworkScreen.pdb" /TLBID:1 /DYNAMICBASE /NXCOMPAT /IMPLIB:"E:\Documents\GitHub\ButtonAndScreenWatch\NeuralNetworkScreen\Debug\NeuralNetworkScreen.lib" /MACHINE:X86 Debug\CBrain.obj
         Debug\GenAPI.obj
         Debug\main.obj
         Debug\structures.obj
         Debug\util.obj
         NeuralNetworkScreen.vcxproj -> E:\Documents\GitHub\ButtonAndScreenWatch\NeuralNetworkScreen\Debug\NeuralNetworkScreen.exe
     1>Done Building Project "E:\Documents\GitHub\ButtonAndScreenWatch\NeuralNetworkScreen\NeuralNetworkScreen\NeuralNetworkScreen.vcxproj" (Build target(s)).

Build succeeded.

Time Elapsed 00:00:01.66
