Build started 6/8/2015 2:57:13 PM.
     1>Project "E:\Documents\GitHub\ButtonAndScreenWatch\NeuralNetworkScreen\NeuralNetworkScreen\NeuralNetworkScreen.vcxproj" on node 2 (Build target(s)).
     1>ClCompile:
         C:\Program Files (x86)\Microsoft Visual Studio 12.0\VC\bin\CL.exe /c /Zi /nologo /W3 /WX- /sdl /O2 /Oi /Oy- /GL /D _MBCS /Gm- /EHsc /MD /GS /Gy /fp:precise /Zc:wchar_t /Zc:forScope /Fo"Release\\" /Fd"Release\vc120.pdb" /Gd /TP /analyze- /errorReport:prompt CBrain.cpp GenAPI.cpp main.cpp structures.cpp util.cpp
         CBrain.cpp
         GenAPI.cpp
         main.cpp
         structures.cpp
         util.cpp
       Link:
         C:\Program Files (x86)\Microsoft Visual Studio 12.0\VC\bin\link.exe /ERRORREPORT:PROMPT /OUT:"E:\Documents\GitHub\ButtonAndScreenWatch\NeuralNetworkScreen\Release\NeuralNetworkScreen.exe" /NOLOGO kernel32.lib user32.lib gdi32.lib winspool.lib comdlg32.lib advapi32.lib shell32.lib ole32.lib oleaut32.lib uuid.lib odbc32.lib odbccp32.lib /MANIFEST /MANIFESTUAC:"level='asInvoker' uiAccess='false'" /manifest:embed /DEBUG /PDB:"E:\Documents\GitHub\ButtonAndScreenWatch\NeuralNetworkScreen\Release\NeuralNetworkScreen.pdb" /OPT:REF /OPT:ICF /LTCG /TLBID:1 /DYNAMICBASE /NXCOMPAT /IMPLIB:"E:\Documents\GitHub\ButtonAndScreenWatch\NeuralNetworkScreen\Release\NeuralNetworkScreen.lib" /MACHINE:X86 /SAFESEH Release\CBrain.obj
         Release\GenAPI.obj
         Release\main.obj
         Release\structures.obj
         Release\util.obj
         Generating code
         Finished generating code
         NeuralNetworkScreen.vcxproj -> E:\Documents\GitHub\ButtonAndScreenWatch\NeuralNetworkScreen\Release\NeuralNetworkScreen.exe
     1>Done Building Project "E:\Documents\GitHub\ButtonAndScreenWatch\NeuralNetworkScreen\NeuralNetworkScreen\NeuralNetworkScreen.vcxproj" (Build target(s)).

Build succeeded.

Time Elapsed 00:00:00.83
