Build started 6/8/2015 3:15:21 PM.
     1>Project "E:\Documents\GitHub\ButtonAndScreenWatch\NeuralNetworkScreen\NeuralNetworkScreen\NeuralNetworkScreen.vcxproj" on node 2 (Build target(s)).
     1>ClCompile:
         C:\Program Files (x86)\Microsoft Visual Studio 12.0\VC\bin\CL.exe /c /IE:\Downloads\Programming\c++\openCV\opencv\build\x64\vc12\..\include /Zi /nologo /W3 /WX- /sdl /O2 /Oi /Oy- /GL /D _MBCS /Gm- /EHsc /MD /GS /Gy /fp:precise /Zc:wchar_t /Zc:forScope /Fo"openCV_release_2\\" /Fd"openCV_release_2\vc120.pdb" /Gd /TP /analyze- /errorReport:prompt CBrain.cpp GenAPI.cpp structures.cpp util.cpp
         CBrain.cpp
         GenAPI.cpp
         structures.cpp
         util.cpp
       Link:
         C:\Program Files (x86)\Microsoft Visual Studio 12.0\VC\bin\link.exe /ERRORREPORT:PROMPT /OUT:"E:\Documents\GitHub\ButtonAndScreenWatch\NeuralNetworkScreen\openCV_release_2\NeuralNetworkScreen.exe" /NOLOGO /LIBPATH:E:\Downloads\Programming\c++\openCV\opencv\build\x64\vc12\staticlib opencv_calib3d300.lib opencv_core300.lib opencv_features2d300.lib opencv_flann300.lib opencv_highgui300.lib opencv_imgproc300.lib opencv_ml300.lib opencv_objdetect300.lib opencv_photo300.lib opencv_stitching300.lib opencv_superres300.lib opencv_ts300.lib opencv_video300.lib opencv_videostab300.lib kernel32.lib user32.lib gdi32.lib winspool.lib comdlg32.lib advapi32.lib shell32.lib ole32.lib oleaut32.lib uuid.lib odbc32.lib odbccp32.lib /MANIFEST /MANIFESTUAC:"level='asInvoker' uiAccess='false'" /manifest:embed /DEBUG /PDB:"E:\Documents\GitHub\ButtonAndScreenWatch\NeuralNetworkScreen\openCV_release_2\NeuralNetworkScreen.pdb" /OPT:REF /OPT:ICF /LTCG /TLBID:1 /DYNAMICBASE /NXCOMPAT /IMPLIB:"E:\Documents\GitHub\ButtonAndScreenWatch\NeuralNetworkScreen\openCV_release_2\NeuralNetworkScreen.lib" /MACHINE:X86 /SAFESEH openCV_release_2\CBrain.obj
         openCV_release_2\GenAPI.obj
         openCV_release_2\main.obj
         openCV_release_2\structures.obj
         openCV_release_2\util.obj
         Generating code
         Finished generating code
         NeuralNetworkScreen.vcxproj -> E:\Documents\GitHub\ButtonAndScreenWatch\NeuralNetworkScreen\openCV_release_2\NeuralNetworkScreen.exe
     1>Done Building Project "E:\Documents\GitHub\ButtonAndScreenWatch\NeuralNetworkScreen\NeuralNetworkScreen\NeuralNetworkScreen.vcxproj" (Build target(s)).

Build succeeded.

Time Elapsed 00:00:00.96
